生成启动时间为 2021/6/1 20:01:50。
     1>项目“C:\C++Projects\study\login\login\login.vcxproj”在节点 2 上(Build 个目标)。
     1>ClCompile:
         C:\Program Files (x86)\Microsoft Visual Studio 11.0\VC\bin\CL.exe /c /IC:\C++Projects\study\login\include /Zi /nologo /W3 /WX- /Od /Oi /Oy- /GL /D CURL_STATICLIB /D _MBCS /Gm- /EHsc /MD /GS /Gy /fp:precise /Zc:wchar_t /Zc:forScope /Fo"Release\\" /Fd"Release\vc110.pdb" /Gd /TP /analyze- /errorReport:prompt main.cpp
         main.cpp
     1>main.cpp(36): warning C4996: 'sprintf': This function or variable may be unsafe. Consider using sprintf_s instead. To disable deprecation, use _CRT_SECURE_NO_WARNINGS. See online help for details.
                 C:\Program Files (x86)\Microsoft Visual Studio 11.0\VC\include\stdio.h(357) : 参见“sprintf”的声明
     1>main.cpp(51): warning C4018: “<”: 有符号/无符号不匹配
     1>main.cpp(126): warning C4018: “<”: 有符号/无符号不匹配
     1>main.cpp(129): warning C4018: “<”: 有符号/无符号不匹配
     1>main.cpp(133): warning C4996: 'sprintf': This function or variable may be unsafe. Consider using sprintf_s instead. To disable deprecation, use _CRT_SECURE_NO_WARNINGS. See online help for details.
                 C:\Program Files (x86)\Microsoft Visual Studio 11.0\VC\include\stdio.h(357) : 参见“sprintf”的声明
     1>main.cpp(137): warning C4996: 'sprintf': This function or variable may be unsafe. Consider using sprintf_s instead. To disable deprecation, use _CRT_SECURE_NO_WARNINGS. See online help for details.
                 C:\Program Files (x86)\Microsoft Visual Studio 11.0\VC\include\stdio.h(357) : 参见“sprintf”的声明
     1>main.cpp(165): warning C4018: “<”: 有符号/无符号不匹配
       Link:
         C:\Program Files (x86)\Microsoft Visual Studio 11.0\VC\bin\link.exe /ERRORREPORT:PROMPT /OUT:"C:\C++Projects\study\login\Release\login.exe" /NOLOGO /LIBPATH:C:\C++Projects\study\login\libs kernel32.lib user32.lib gdi32.lib winspool.lib comdlg32.lib advapi32.lib shell32.lib ole32.lib oleaut32.lib uuid.lib odbc32.lib odbccp32.lib /MANIFEST /MANIFESTUAC:"level='asInvoker' uiAccess='false'" /manifest:embed /DEBUG /PDB:"C:\C++Projects\study\login\Release\login.pdb" /OPT:REF /OPT:ICF /LTCG /TLBID:1 /DYNAMICBASE /NXCOMPAT /IMPLIB:"C:\C++Projects\study\login\Release\login.lib" /MACHINE:X86 /SAFESEH Release\json_utils.obj
         Release\main.obj
         正在生成代码
         已完成代码的生成
         login.vcxproj -> C:\C++Projects\study\login\Release\login.exe
     1>已完成生成项目“C:\C++Projects\study\login\login\login.vcxproj”(Build 个目标)的操作。

生成成功。

已用时间 00:00:03.29
